<?xml version="1.0" encoding="UTF-8"?>
<testng-results ignored="0" total="2" passed="2" failed="0" skipped="0">
  <reporter-output>
  </reporter-output>
  <suite started-at="2020-11-09T14:28:56 EST" name="Suite" finished-at="2020-11-09T14:29:11 EST" duration-ms="14463">
    <groups>
    </groups>
    <test started-at="2020-11-09T14:28:56 EST" name="Test" finished-at="2020-11-09T14:29:11 EST" duration-ms="14463">
      <class name="testcases.T02_loginpageValidation">
        <test-method is-config="true" signature="openBrowser()[pri:0, instance:testcases.T02_loginpageValidation@2f465398]" started-at="2020-11-09T14:28:56 EST" name="openBrowser" finished-at="2020-11-09T14:29:02 EST" duration-ms="5834" status="PASS">
          <reporter-output>
          </reporter-output>
        </test-method> <!-- openBrowser -->
        <test-method signature="logpagevalidation()[pri:0, instance:testcases.T02_loginpageValidation@2f465398]" started-at="2020-11-09T14:29:02 EST" name="logpagevalidation" finished-at="2020-11-09T14:29:04 EST" duration-ms="1685" status="PASS">
          <reporter-output>
          </reporter-output>
        </test-method> <!-- logpagevalidation -->
        <test-method is-config="true" signature="closeBrwoser()[pri:0, instance:testcases.T02_loginpageValidation@2f465398]" started-at="2020-11-09T14:29:04 EST" name="closeBrwoser" finished-at="2020-11-09T14:29:04 EST" duration-ms="245" status="PASS">
          <reporter-output>
          </reporter-output>
        </test-method> <!-- closeBrwoser -->
      </class> <!-- testcases.T02_loginpageValidation -->
      <class name="testcases.T01_homepageValidation">
        <test-method is-config="true" signature="openBrowser()[pri:0, instance:testcases.T01_homepageValidation@548e6d58]" started-at="2020-11-09T14:29:04 EST" name="openBrowser" finished-at="2020-11-09T14:29:09 EST" duration-ms="5304" status="PASS">
          <reporter-output>
          </reporter-output>
        </test-method> <!-- openBrowser -->
        <test-method signature="homepageValidation()[pri:0, instance:testcases.T01_homepageValidation@548e6d58]" started-at="2020-11-09T14:29:09 EST" name="homepageValidation" finished-at="2020-11-09T14:29:11 EST" duration-ms="1261" status="PASS">
          <reporter-output>
          </reporter-output>
        </test-method> <!-- homepageValidation -->
        <test-method is-config="true" signature="closeBrwoser()[pri:0, instance:testcases.T01_homepageValidation@548e6d58]" started-at="2020-11-09T14:29:11 EST" name="closeBrwoser" finished-at="2020-11-09T14:29:11 EST" duration-ms="84" status="PASS">
          <reporter-output>
          </reporter-output>
        </test-method> <!-- closeBrwoser -->
      </class> <!-- testcases.T01_homepageValidation -->
    </test> <!-- Test -->
  </suite> <!-- Suite -->
</testng-results>
